robot_091 delay 0.6896474361419678
dragon_042 delay 0.6690480709075928
pig_000 delay 0.7303466796875
chair_124 delay 0.6434473991394043
dragon_038 delay 0.5066068172454834
frog_008 delay 1.322361946105957
monkey_014 delay 0.6359596252441406
frog_002 delay 0.7082667350769043
crab_025 delay 0.5876564979553223
dragon_036 delay 2.011098623275757
octopus_012 delay 0.5329036712646484
guitar_025 delay 0.7522077560424805
elephant_035 delay 1.123331069946289
tractor_004 delay 1.0918309688568115
keyboard_001 delay 0.674140453338623
whale_022 delay 0.6143872737884521
ball_009 delay 0.8981366157531738
horse_032 delay 1.927846908569336
guitar_010 delay 0.6222395896911621
sheep_033 delay 0.5533215999603271
frog_018 delay 0.5524308681488037
car_016 delay 1.1538054943084717
guitar_050 delay 0.5618858337402344
whale_028 delay 0.9830241203308105
dragon_005 delay 0.6599221229553223
cells_battery_007 delay 0.6842794418334961
guitar_053 delay 0.5839314460754395
lizard_014 delay 0.6204423904418945
robot_096 delay 0.895404577255249
cat_041 delay 1.1251161098480225
octopus_010 delay 1.3769750595092773
mushroom_016 delay 1.4466586112976074
tree_023 delay 0.6038002967834473
frog_026 delay 0.5181808471679688
cake_010 delay 0.6342527866363525
donut_027 delay 1.2818915843963623
crab_039 delay 3.174311637878418
dragon_037 delay 0.5177686214447021
tree_012 delay 0.9679322242736816
dinosaur_072 delay 0.6453442573547363
frog_000 delay 0.5742802619934082
dinosaur_027 delay 0.8191347122192383
cookie_002 delay 0.5207846164703369
chair_184 delay 0.5128605365753174
deer_moose_062 delay 1.413822889328003
crab_038 delay 2.5977044105529785
tree_044 delay 3.438300848007202
keyboard_004 delay 0.5823333263397217
frog_009 delay 0.7583508491516113
keyboard_014 delay 2.3933215141296387
horse_017 delay 0.5101282596588135
cat_020 delay 0.5720119476318359
dog_034 delay 0.6895549297332764
screwdriver_041 delay 0.5008981227874756
bread_013 delay 0.5706484317779541
dog_033 delay 1.705368995666504
drum_004 delay 4.511373043060303
car_018 delay 0.7580666542053223
pen_015 delay 1.2484655380249023
crab_010 delay 0.6241066455841064
guitar_034 delay 0.5156290531158447
cat_075 delay 0.8770568370819092
ice_cream_008 delay 0.9531574249267578
chair_097 delay 0.5395071506500244
flower_022 delay 0.6524298191070557
keyboard_007 delay 1.5660500526428223
elephant_024 delay 0.9544456005096436
radio_038 delay 0.5850961208343506
tree_041 delay 2.94118332862854
robot_093 delay 1.0637595653533936
guitar_001 delay 0.5615050792694092
whale_027 delay 0.5861217975616455
tree_045 delay 4.442055940628052
chicken_002 delay 0.6577062606811523
tree_043 delay 1.4249911308288574
dog_020 delay 1.156536340713501
cat_022 delay 0.6382091045379639
keyboard_000 delay 0.8269593715667725
shark_006 delay 0.618626594543457
tree_019 delay 2.200958013534546
octopus_007 delay 0.9526183605194092
fan_021 delay 1.705078363418579
dinosaur_013 delay 0.5619442462921143
monkey_003 delay 0.654047966003418
piano_016 delay 1.1292319297790527
key_040 delay 0.5955603122711182
panda_017 delay 0.6211071014404297
snake_008 delay 0.7656404972076416
piano_034 delay 0.8500876426696777
ball_017 delay 0.9678378105163574
chair_134 delay 2.0262768268585205
crab_019 delay 0.8138792514801025
robot_084 delay 2.464569330215454
deer_moose_064 delay 0.662372350692749
tree_046 delay 1.98972487449646
dinosaur_033 delay 0.8605532646179199
dinosaur_041 delay 1.0623714923858643
crab_014 delay 2.7334976196289062
octopus_024 delay 1.7953202724456787
car_011 delay 1.311704397201538
keyboard_019 delay 0.8809735774993896
truck_014 delay 0.8156259059906006
shoe_026 delay 0.5187811851501465
